
[Memory File: 4k x 32bit]
|     0|     0|     0|     0|     0|     0|     0|     0|     0|     0|     0|     0|     0|     0|     0|     0|
|     0|     0|     0|     0|     0|     0|     0|     0|     0|     0|     0|     0|     0|     0|     0|     0|
|     0|     0|     0|     0|     0|     0|     0|     0|     0|     0|     0|     0|     0|     0|     0|     0|
|     0|     0|     0|     0|     0|     0|     0|     0|     0|     0|     0|     0|     0|     0|     0|     0|
|     2|     0|     0|     0|     0|     0|     0|     0|     0|     0|     0|     0|     0|     0|     0|     0|
|     0|     0|     0|     0|     0|     0|     0|     0|     0|     0|     0|     0|     0|     0|     0|     0|
|     0|     0|     0|     0|     0|     0|     0|     0|     0|     0|     0|     0|     0|     0|     0|     0|
|     0|     0|     0|     0|     0|     0|     0|     0|     0|     0|     0|     0|     0|     0|     0|     0|
|     0|     0|     0|     0|     0|     0|     0|     0|     0|     0|     0|     0|     0|     0|     0|     0|
|     0|     0|     0|     0|     0|     0|     0|     0|     0|     0|     0|     0|     0|     0|     0|     0|
|     0|     0|     0|     0|     0|     0|     0|     0|     0|     0|     0|     0|     0|     0|     0|     0|
|     0|     0|     0|     0|     0|     0|     0|     0|     0|     0|     0|     0|     0|     0|     0|     0|
|     0|     0|     0|     0|     0|     0|     0|     0|     0|     0|     0|     0|     0|     0|     0|     0|
|     0|     0|     0|     0|     0|     0|     0|     0|     0|     0|     0|     0|     0|     0|     0|     0|
|     0|     0|     0|     0|     0|     0|     0|     0|     0|     0|     0|     0|     0|     0|     0|     0|
|     0|     0|     0|     0|     0|     0|     0|     0|     0|     0|     0|     0|     0|     0|     0|     0|
|     0|     0|     0|     0|     0|     0|     0|     0|     0|     0|     0|     0|     0|     0|     0|     0|
|     0|     0|     0|     0|     0|     0|     0|     0|     0|     0|     0|     0|     0|     0|     0|     0|
|     0|     0|     0|     0|     0|     0|     0|     0|     0|     0|     0|     0|     0|     0|     0|     0|
|     0|     0|     0|     0|     0|     0|     0|     0|     0|     0|     0|     0|     0|     0|     0|     0|
|     0|     0|     0|     0|     0|     0|     0|     0|     0|     0|     0|     0|     0|     0|     0|     0|
|     0|     0|     0|     0|     0|     0|     0|     0|     0|     0|     0|     0|     0|     0|     0|     0|
|     0|     0|     0|     0|     0|     0|     0|     0|     0|     0|     0|     0|     0|     0|     0|     0|
|     0|     0|     0|     0|     0|     0|     0|     0|     0|     0|     0|     0|     0|     0|     0|     0|
|     0|     0|     0|     0|     0|     0|     0|     0|     0|     0|     0|     0|     0|     0|     0|     0|
|     0|     0|     0|     0|     0|     0|     0|     0|     0|     0|     0|     0|     0|     0|     0|     0|
|     0|     0|     0|     0|     0|     0|     0|     0|     0|     0|     0|     0|     0|     0|     0|     0|
|     0|     0|     0|     0|     0|     0|     0|     0|     0|     0|     0|     0|     0|     0|     0|     0|
|     0|     0|     0|     0|     0|     0|     0|     0|     0|     0|     0|     0|     0|     0|     0|     0|
|     0|     0|     0|     0|     0|     0|     0|     0|     0|     0|     0|     0|     0|     0|     0|     0|
|     0|     0|     0|     0|     0|     0|     0|     0|     0|     0|     0|     0|     0|     0|     0|     0|
|     0|     0|     0|     0|     0|     0|     0|     0|     0|     0|     0|     0|     0|     0|     0|     0|
|     0|     0|     0|     0|     0|     0|     0|     0|     0|     0|     0|     0|     0|     0|     0|     0|
|     0|     0|     0|     0|     0|     0|     0|     0|     0|     0|     0|     0|     0|     0|     0|     0|
|     0|     0|     0|     0|     0|     0|     0|     0|     0|     0|     0|     0|     0|     0|     0|     0|
|     0|     0|     0|     0|     0|     0|     0|     0|     0|     0|     0|     0|     0|     0|     0|     0|
|     0|     0|     0|     0|     0|     0|     0|     0|     0|     0|     0|     0|     0|     0|     0|     0|
|     0|     0|     0|     0|     0|     0|     0|     0|     0|     0|     0|     0|     0|     0|     0|     0|
|     0|     0|     0|     0|     0|     0|     0|     0|     0|     0|     0|     0|     0|     0|     0|     0|
|     0|     0|     0|     0|     0|     0|     0|     0|     0|     0|     0|     0|     0|     0|     0|     0|
|     0|     0|     0|     0|     0|     0|     0|     0|     0|     0|     0|     0|     0|     0|     0|     0|
|     0|     0|     0|     0|     0|     0|     0|     0|     0|     0|     0|     0|     0|     0|     0|     0|
|     0|     0|     0|     0|     0|     0|     0|     0|     0|     0|     0|     0|     0|     0|     0|     0|
|     0|     0|     0|     0|     0|     0|     0|     0|     0|     0|     0|     0|     0|     0|     0|     0|
|     0|     0|     0|     0|     0|     0|     0|     0|     0|     0|     0|     0|     0|     0|     0|     0|
|     0|     0|     0|     0|     0|     0|     0|     0|     0|     0|     0|     0|     0|     0|     0|     0|
|     0|     0|     0|     0|     0|     0|     0|     0|     0|     0|     0|     0|     0|     0|     0|     0|
|     0|     0|     0|     0|     0|     0|     0|     0|     0|     0|     0|     0|     0|     0|     0|     0|
|     0|     0|     0|     0|     0|     0|     0|     0|     0|     0|     0|     0|     0|     0|     0|     0|
|     0|     0|     0|     0|     0|     0|     0|     0|     0|     0|     0|     0|     0|     0|     0|     0|
|     0|     0|     0|     0|     0|     0|     0|     0|     0|     0|     0|     0|     0|     0|     0|     0|
|     0|     0|     0|     0|     0|     0|     0|     0|     0|     0|     0|     0|     0|     0|     0|     0|
|     0|     0|     0|     0|     0|     0|     0|     0|     0|     0|     0|     0|     0|     0|     0|     0|
|     0|     0|     0|     0|     0|     0|     0|     0|     0|     0|     0|     0|     0|     0|     0|     0|
|     0|     0|     0|     0|     0|     0|     0|     0|     0|     0|     0|     0|     0|     0|     0|     0|
|     0|     0|     0|     0|     0|     0|     0|     0|     0|     0|     0|     0|     0|     0|     0|     0|
|     0|     0|     0|     0|     0|     0|     0|     0|     0|     0|     0|     0|     0|     0|     0|     0|
|     0|     0|     0|     0|     0|     0|     0|     0|     0|     0|     0|     0|     0|     0|     0|     0|
|     0|     0|     0|     0|     0|     0|     0|     0|     0|     0|     0|     0|     0|     0|     0|     0|
|     0|     0|     0|     0|     0|     0|     0|     0|     0|     0|     0|     0|     0|     0|     0|     0|
|     0|     0|     0|     0|     0|     0|     0|     0|     0|     0|     0|     0|     0|     0|     0|     0|
|     0|     0|     0|     0|     0|     0|     0|     0|     0|     0|     0|     0|     0|     0|     0|     0|
|     0|     0|     0|     0|     0|     0|     0|     0|     0|     0|     0|     0|     0|     0|     0|     0|
|     0|     0|     0|     0|     0|     0|     0|     0|     0|     0|     0|     0|     0|     0|     0|     0|
|     0|     0|     0|     0|     0|     0|     0|     0|     0|     0|     0|     0|     0|     0|     0|     0|
|     0|     0|     0|     0|     0|     0|     0|     0|     0|     0|     0|     0|     0|     0|     0|     0|
|