
Debug Last  Y DC value: -338
Debug huffstack sapce:  12
Debug huffstack sapce:  6
Debug huffstack sapce:  0
Debug huffstack sapce:  26
Debug huffstack sapce:  22
Debug huffstack sapce:  18
Debug Last  Y DC value: 865
Debug huffstack sapce:  26
Debug Last  Y DC value: -324
Debug huffstack sapce:  6
Debug Last  Y DC value: 865
Debug huffstack sapce:  14
Debug huffstack sapce:  10
Debug huffstack sapce:  6
Debug Last  Y DC value: -288
Debug huffstack sapce:  14
Debug huffstack sapce:  8
Debug huffstack sapce:  2
Debug huffstack sapce:  28
Debug huffstack sapce:  24
Debug huffstack sapce:  20
Debug Last  Y DC value: 188
Debug huffstack sapce:  0
Debug huffstack sapce:  26
Debug huffstack sapce:  20
Debug huffstack sapce:  14
Debug huffstack sapce:  10
Debug huffstack sapce:  6

Bug shot: DC value saves into a wrong location


Debug Last  Y DC value: -338
Debug huffstack sapce:  12
Debug huffstack sapce:  6
Debug huffstack sapce:  0
Debug huffstack sapce:  26
Debug Last Cb DC value: -273
Debug huffstack sapce:  6
Debug Last Cr DC value: 800
Debug huffstack sapce:  16
Debug Last  Y DC value: 865
Debug huffstack sapce:  24
Debug Last  Y DC value: -324
Debug huffstack sapce:  4
Debug Last  Y DC value: 865
Debug huffstack sapce:  12
Debug Last Cb DC value: -14
Debug huffstack sapce:  24
Debug Last Cr DC value: -14
Debug huffstack sapce:  2
Debug Last  Y DC value: -288
Debug huffstack sapce:  10
Debug huffstack sapce:  4
Debug huffstack sapce:  30
Debug huffstack sapce:  24
Debug Last Cb DC value: 606
Debug huffstack sapce:  2
Debug Last Cr DC value: -115
Debug huffstack sapce:  18
Debug Last  Y DC value: 188
Debug huffstack sapce:  30
Debug huffstack sapce:  24
Debug huffstack sapce:  18
Debug huffstack sapce:  12
Debug Last Cb DC value: -526
Debug huffstack sapce:  20
Debug Last Cr DC value: -598
Debug huffstack sapce:  0